Arguments: 
  D:\Program Files\nodejs\node.exe C:\Users\PHP\AppData\Roaming\npm\node_modules\yarn\bin\yarn.js

PATH: 
  C:\ProgramData\Oracle\Java\javapath;C:\Windows\system32;C:\Windows;C:\Windows\System32\Wbem;C:\Windows\System32\WindowsPowerShell\v1.0\;D:\Program Files\nodejs\;C:\Program Files\Java\jdk1.8.0_101\bin; C:\Users\PHP\AppData\Roaming\npm ;C:\Users\PHP\AppData\Roaming\npm;D:\AppServ\Apache24\bin;D:\AppServ\php5;D:\AppServ\MySQL\bin;D:\Program Files\Microsoft VS Code Insiders\bin

Yarn version: 
  1.3.2

Node version: 
  6.10.3

Platform: 
  win32 x64

npm manifest: 
  

yarn manifest: 
  No manifest

Lockfile: 
  No lockfile

Trace: 
  SyntaxError: D:\portfolio\package.json: Unexpected end of JSON input
      at Object.parse (native)
      at C:\Users\PHP\AppData\Roaming\npm\node_modules\yarn\lib\cli.js:770:59
      at next (native)
      at step (C:\Users\PHP\AppData\Roaming\npm\node_modules\yarn\lib\cli.js:92:30)
      at C:\Users\PHP\AppData\Roaming\npm\node_modules\yarn\lib\cli.js:103:13
